# JRE version: OpenJDK Runtime Environment (8.0_482-b08) (build 1.8.0_482-b08)
# Java VM: OpenJDK 64-Bit Server VM (25.482-b08 mixed mode bsd-aarch64 compressed oops)
Heap:
 PSYoungGen      total 159232K, used 55548K [0x00000003ab300000, 0x00000003ba600000, 0x0000000400800000)
  eden space 146432K, 37% used [0x00000003ab300000,0x00000003ae93f340,0x00000003b4200000)
  from space 12800K, 0% used [0x00000003b4200000,0x00000003b4200000,0x00000003b4e80000)
  to   space 14336K, 0% used [0x00000003b9800000,0x00000003b9800000,0x00000003ba600000)
 ParOldGen       total 165376K, used 18043K [0x0000000300800000, 0x000000030a980000, 0x00000003ab300000)
  object space 165376K, 10% used [0x0000000300800000,0x000000030199efa0,0x000000030a980000)
 Metaspace       used 36153K, capacity 38444K, committed 38656K, reserved 1083392K
  class space    used 4817K, capacity 5288K, committed 5376K, reserved 1048576K
GC Heap History (10 events):
Event: 1.154 GC heap before
{Heap before GC invocations=5 (full 1):
 PSYoungGen      total 76288K, used 65536K [0x00000003ab300000, 0x00000003b4800000, 0x0000000400800000)
  eden space 65536K, 100% used [0x00000003ab300000,0x00000003af300000,0x00000003af300000)
  from space 10752K, 0% used [0x00000003af300000,0x00000003af300000,0x00000003afd80000)
  to   space 10752K, 0% used [0x00000003b3d80000,0x00000003b3d80000,0x00000003b4800000)
 ParOldGen       total 104960K, used 8185K [0x0000000300800000, 0x0000000306e80000, 0x00000003ab300000)
  object space 104960K, 7% used [0x0000000300800000,0x0000000300ffe5b0,0x0000000306e80000)
 Metaspace       used 23578K, capacity 24632K, committed 24832K, reserved 1071104K
  class space    used 3034K, capacity 3259K, committed 3328K, reserved 1048576K
Event: 1.156 GC heap after
Heap after GC invocations=5 (full 1):
 PSYoungGen      total 103424K, used 4630K [0x00000003ab300000, 0x00000003b4280000, 0x0000000400800000)
  eden space 98304K, 0% used [0x00000003ab300000,0x00000003ab300000,0x00000003b1300000)
  from space 5120K, 90% used [0x00000003b3d80000,0x00000003b4205b88,0x00000003b4280000)
  to   space 10752K, 0% used [0x00000003b2d80000,0x00000003b2d80000,0x00000003b3800000)
 ParOldGen       total 104960K, used 8193K [0x0000000300800000, 0x0000000306e80000, 0x00000003ab300000)
  object space 104960K, 7% used [0x0000000300800000,0x00000003010005b0,0x0000000306e80000)
 Metaspace       used 23578K, capacity 24632K, committed 24832K, reserved 1071104K
  class space    used 3034K, capacity 3259K, committed 3328K, reserved 1048576K
}
Event: 1.299 GC heap before
{Heap before GC invocations=6 (full 1):
 PSYoungGen      total 103424K, used 102934K [0x00000003ab300000, 0x00000003b4280000, 0x0000000400800000)
  eden space 98304K, 100% used [0x00000003ab300000,0x00000003b1300000,0x00000003b1300000)
  from space 5120K, 90% used [0x00000003b3d80000,0x00000003b4205b88,0x00000003b4280000)
  to   space 10752K, 0% used [0x00000003b2d80000,0x00000003b2d80000,0x00000003b3800000)
 ParOldGen       total 104960K, used 8193K [0x0000000300800000, 0x0000000306e80000, 0x00000003ab300000)
  object space 104960K, 7% used [0x0000000300800000,0x00000003010005b0,0x0000000306e80000)
 Metaspace       used 25104K, capacity 26426K, committed 26624K, reserved 1073152K
  class space    used 3261K, capacity 3559K, committed 3584K, reserved 1048576K
Event: 1.302 GC heap after
Heap after GC invocations=6 (full 1):
 PSYoungGen      total 136192K, used 8644K [0x00000003ab300000, 0x00000003b5a00000, 0x0000000400800000)
  eden space 125440K, 0% used [0x00000003ab300000,0x00000003ab300000,0x00000003b2d80000)
  from space 10752K, 80% used [0x00000003b2d80000,0x00000003b35f1130,0x00000003b3800000)
  to   space 11776K, 0% used [0x00000003b4e80000,0x00000003b4e80000,0x00000003b5a00000)
 ParOldGen       total 104960K, used 8201K [0x0000000300800000, 0x0000000306e80000, 0x00000003ab300000)
  object space 104960K, 7% used [0x0000000300800000,0x00000003010025b0,0x0000000306e80000)
 Metaspace       used 25104K, capacity 26426K, committed 26624K, reserved 1073152K
  class space    used 3261K, capacity 3559K, committed 3584K, reserved 1048576K
}
Event: 1.636 GC heap before
{Heap before GC invocations=7 (full 1):
 PSYoungGen      total 136192K, used 134084K [0x00000003ab300000, 0x00000003b5a00000, 0x0000000400800000)
  eden space 125440K, 100% used [0x00000003ab300000,0x00000003b2d80000,0x00000003b2d80000)
  from space 10752K, 80% used [0x00000003b2d80000,0x00000003b35f1130,0x00000003b3800000)
  to   space 11776K, 0% used [0x00000003b4e80000,0x00000003b4e80000,0x00000003b5a00000)
 ParOldGen       total 104960K, used 8201K [0x0000000300800000, 0x0000000306e80000, 0x00000003ab300000)
  object space 104960K, 7% used [0x0000000300800000,0x00000003010025b0,0x0000000306e80000)
 Metaspace       used 28616K, capacity 30078K, committed 30336K, reserved 1075200K
  class space    used 3749K, capacity 4099K, committed 4224K, reserved 1048576K
Event: 1.645 GC heap after
Heap after GC invocations=7 (full 1):
 PSYoungGen      total 158208K, used 10734K [0x00000003ab300000, 0x00000003b8880000, 0x0000000400800000)
  eden space 146432K, 0% used [0x00000003ab300000,0x00000003ab300000,0x00000003b4200000)
  from space 11776K, 91% used [0x00000003b4e80000,0x00000003b58fba70,0x00000003b5a00000)
  to   space 12800K, 0% used [0x00000003b4200000,0x00000003b4200000,0x00000003b4e80000)
 ParOldGen       total 104960K, used 8209K [0x0000000300800000, 0x0000000306e80000, 0x00000003ab300000)
  object space 104960K, 7% used [0x0000000300800000,0x00000003010045b0,0x0000000306e80000)
 Metaspace       used 28616K, capacity 30078K, committed 30336K, reserved 1075200K
  class space    used 3749K, capacity 4099K, committed 4224K, reserved 1048576K
}
Event: 2.146 GC heap before
{Heap before GC invocations=8 (full 1):
 PSYoungGen      total 158208K, used 134384K [0x00000003ab300000, 0x00000003b8880000, 0x0000000400800000)
  eden space 146432K, 84% used [0x00000003ab300000,0x00000003b2bc07d0,0x00000003b4200000)
  from space 11776K, 91% used [0x00000003b4e80000,0x00000003b58fba70,0x00000003b5a00000)
  to   space 12800K, 0% used [0x00000003b4200000,0x00000003b4200000,0x00000003b4e80000)
 ParOldGen       total 104960K, used 8209K [0x0000000300800000, 0x0000000306e80000, 0x00000003ab300000)
  object space 104960K, 7% used [0x0000000300800000,0x00000003010045b0,0x0000000306e80000)
 Metaspace       used 33613K, capacity 35326K, committed 35424K, reserved 1079296K
  class space    used 4462K, capacity 4823K, committed 4864K, reserved 1048576K
Event: 2.150 GC heap after
Heap after GC invocations=8 (full 1):
 PSYoungGen      total 159232K, used 12797K [0x00000003ab300000, 0x00000003ba600000, 0x0000000400800000)
  eden space 146432K, 0% used [0x00000003ab300000,0x00000003ab300000,0x00000003b4200000)
  from space 12800K, 99% used [0x00000003b4200000,0x00000003b4e7f770,0x00000003b4e80000)
  to   space 14336K, 0% used [0x00000003b9800000,0x00000003b9800000,0x00000003ba600000)
 ParOldGen       total 104960K, used 8489K [0x0000000300800000, 0x0000000306e80000, 0x00000003ab300000)
  object space 104960K, 8% used [0x0000000300800000,0x000000030104a588,0x0000000306e80000)
 Metaspace       used 33613K, capacity 35326K, committed 35424K, reserved 1079296K
  class space    used 4462K, capacity 4823K, committed 4864K, reserved 1048576K
}
Event: 2.150 GC heap before
{Heap before GC invocations=9 (full 2):
 PSYoungGen      total 159232K, used 12797K [0x00000003ab300000, 0x00000003ba600000, 0x0000000400800000)
  eden space 146432K, 0% used [0x00000003ab300000,0x00000003ab300000,0x00000003b4200000)
  from space 12800K, 99% used [0x00000003b4200000,0x00000003b4e7f770,0x00000003b4e80000)
  to   space 14336K, 0% used [0x00000003b9800000,0x00000003b9800000,0x00000003ba600000)
 ParOldGen       total 104960K, used 8489K [0x0000000300800000, 0x0000000306e80000, 0x00000003ab300000)
  object space 104960K, 8% used [0x0000000300800000,0x000000030104a588,0x0000000306e80000)
 Metaspace       used 33613K, capacity 35326K, committed 35424K, reserved 1079296K
  class space    used 4462K, capacity 4823K, committed 4864K, reserved 1048576K
Event: 2.175 GC heap after
Heap after GC invocations=9 (full 2):
 PSYoungGen      total 159232K, used 0K [0x00000003ab300000, 0x00000003ba600000, 0x0000000400800000)
  eden space 146432K, 0% used [0x00000003ab300000,0x00000003ab300000,0x00000003b4200000)
  from space 12800K, 0% used [0x00000003b4200000,0x00000003b4200000,0x00000003b4e80000)
  to   space 14336K, 0% used [0x00000003b9800000,0x00000003b9800000,0x00000003ba600000)
 ParOldGen       total 165376K, used 18043K [0x0000000300800000, 0x000000030a980000, 0x00000003ab300000)
  object space 165376K, 10% used [0x0000000300800000,0x000000030199efa0,0x000000030a980000)
 Metaspace       used 33613K, capacity 35326K, committed 35424K, reserved 1079296K
  class space    used 4462K, capacity 4823K, committed 4864K, reserved 1048576K
}

